[debug] [2023-04-23T19:09:39.092Z] ----------------------------------------------------------------------
[debug] [2023-04-23T19:09:39.094Z] Command:       C:\Program Files\nodejs\node.exe C:\Users\waghu\AppData\Roaming\npm\node_modules\firebase-tools\lib\bin\firebase.js init hosting
[debug] [2023-04-23T19:09:39.095Z] CLI Version:   11.28.0
[debug] [2023-04-23T19:09:39.095Z] Platform:      win32
[debug] [2023-04-23T19:09:39.095Z] Node Version:  v18.14.1
[debug] [2023-04-23T19:09:39.096Z] Time:          Mon Apr 24 2023 00:39:39 GMT+0530 (India Standard Time)
[debug] [2023-04-23T19:09:39.096Z] ----------------------------------------------------------------------
[debug] 
[debug] [2023-04-23T19:09:39.155Z] > command requires scopes: ["email","openid","https://www.googleapis.com/auth/cloudplatformprojects.readonly","https://www.googleapis.com/auth/firebase","https://www.googleapis.com/auth/cloud-platform"]
[debug] [2023-04-23T19:09:39.156Z] > authorizing via signed-in user (waghuldelakshit28@gmail.com)
[info] 
     ######## #### ########  ######## ########     ###     ######  ########
     ##        ##  ##     ## ##       ##     ##  ##   ##  ##       ##
     ######    ##  ########  ######   ########  #########  ######  ######
     ##        ##  ##    ##  ##       ##     ## ##     ##       ## ##
     ##       #### ##     ## ######## ########  ##     ##  ######  ########

You're about to initialize a Firebase project in this directory:

  E:\3rd Year\Sem 2\CC - Cloud Computing\react-cd-sample

Before we get started, keep in mind:

  * You are initializing within an existing Firebase project directory

[info] 
=== Project Setup
[info] 
[info] First, let's associate this project directory with a Firebase project.
[info] You can create multiple project aliases by running firebase use --add, 
[info] but for now we'll just set up a default project.
[info] 
[debug] [2023-04-23T19:09:40.752Z] Using project from CLI flag: ci-cd-pipeline-11175
[debug] [2023-04-23T19:09:40.755Z] >>> [apiv2][query] GET https://firebase.googleapis.com/v1beta1/projects/ci-cd-pipeline-11175 [none]
[debug] [2023-04-23T19:09:41.460Z] <<< [apiv2][status] GET https://firebase.googleapis.com/v1beta1/projects/ci-cd-pipeline-11175 200
[debug] [2023-04-23T19:09:41.460Z] <<< [apiv2][body] GET https://firebase.googleapis.com/v1beta1/projects/ci-cd-pipeline-11175 {"projectId":"ci-cd-pipeline-11175","projectNumber":"539639448909","displayName":"CI-CD pipeline","name":"projects/ci-cd-pipeline-11175","resources":{"hostingSite":"ci-cd-pipeline-11175"},"state":"ACTIVE","etag":"1_b42bb782-ce3e-46b3-93b3-10c60450ca0d"}
[info] i  Using project ci-cd-pipeline-11175 (CI-CD pipeline) 
[info] 
=== Hosting Setup
[info] 
[info] Your public directory is the folder (relative to your project directory) that
[info] will contain Hosting assets to be uploaded with firebase deploy. If you
[info] have a build process for your assets, use your build's output directory.
[info] 
